<?xml version="1.0" encoding="UTF-8" ?>
<testsuite tests="42" failures="1" name="TestSuite" time="0.132" errors="0" skipped="0">
  <properties>
[...]
</properties>
  <testcase classname="com.mycompany.vertxschematester.AmfCondNGTest" name="validate" time="0.011"/>
  <testcase classname="com.mycompany.vertxschematester.DnnUpfInfoItemNGTest" name="ClearArraysRequiredToHaveEntries" time="0.03"/>
  <testcase classname="com.mycompany.vertxschematester.DnnUpfInfoItemNGTest" name="removeServiceName" time="0"/>
  <testcase classname="com.mycompany.vertxschematester.DnnUpfInfoItemNGTest" name="validate" time="0.031"/>
  <testcase classname="com.mycompany.vertxschematester.BsfInfoNGTest" name="validate" time="0.002"/>
  <testcase classname="com.mycompany.vertxschematester.AtsssCapabilityNGTest" name="validate" time="0"/>
  <testcase classname="com.mycompany.vertxschematester.LmfInfoNGTest" name="ClearArraysRequiredToHaveEntries" time="0.008">
    <failure message="failed to validate JSON!" type="java.lang.AssertionError">java.lang.AssertionError: failed to validate JSON!
	at org.testng.Assert.fail(Assert.java:85)
	at utils.TestUtil.assertSchema(TestUtil.java:68)
	at com.mycompany.vertxschematester.LmfInfoNGTest.ClearArraysRequiredToHaveEntries(LmfInfoNGTest.java:47)
Caused by: java.util.ConcurrentModificationException
	at java.base/java.util.HashMap.forEach(HashMap.java:1339)
	at io.vertx.json.schema.common.SchemaRouterImpl.lambda$getScopeParentAliases$10(SchemaRouterImpl.java:215)
	at java.base/java.util.ArrayList.forEach(ArrayList.java:1541)
	at io.vertx.json.schema.common.SchemaRouterImpl.getScopeParentAliases(SchemaRouterImpl.java:215)
	at io.vertx.json.schema.common.SchemaRouterImpl.resolveAbsoluteUriAlternatives(SchemaRouterImpl.java:227)
	at io.vertx.json.schema.common.SchemaRouterImpl.lambda$resolveCachedSchema$3(SchemaRouterImpl.java:76)
	at java.base/java.util.Optional.orElseGet(Optional.java:369)
	at io.vertx.json.schema.common.SchemaRouterImpl.resolveCachedSchema(SchemaRouterImpl.java:76)
	at io.vertx.json.schema.common.SchemaRouterImpl.resolveRef(SchemaRouterImpl.java:105)
	at io.vertx.json.schema.common.RefSchema.validateAsync(RefSchema.java:64)
	at io.vertx.json.schema.common.ItemsValidatorFactory$ItemsValidator.validateAsync(ItemsValidatorFactory.java:63)
	at io.vertx.json.schema.common.SchemaImpl.runAsyncValidators(SchemaImpl.java:173)
	at io.vertx.json.schema.common.SchemaImpl.validateAsync(SchemaImpl.java:121)
	at io.vertx.json.schema.common.PropertiesValidatorFactory$PropertiesValidator.validateAsync(PropertiesValidatorFactory.java:171)
	at io.vertx.json.schema.common.SchemaImpl.runAsyncValidators(SchemaImpl.java:173)
	at io.vertx.json.schema.common.SchemaImpl.validateAsync(SchemaImpl.java:121)
	at io.vertx.json.schema.common.SchemaImpl.validateAsync(SchemaImpl.java:48)
	at com.mycompany.vertxschematester.JsonValidatorImpl.validate(JsonValidatorImpl.java:77)
	at com.mycompany.vertxschematester.JsonValidatorImpl.validate(JsonValidatorImpl.java:52)
	at utils.TestUtil.assertSchema(TestUtil.java:59)
	... 39 more
</failure>
  </testcase>
  <testcase classname="com.mycompany.vertxschematester.LmfInfoNGTest" name="validate" time="0.007"/>
  <testcase classname="com.mycompany.vertxschematester.InvalidParamNGTest" name="TestValidJson" time="0"/>
  <testcase classname="com.mycompany.vertxschematester.ImsiRangeNGTest" name="validate" time="0.001"/>
  <testcase classname="com.mycompany.vertxschematester.MappingOfSnssaiNGTest" name="removeRequiredFields" time="0.002"/>
  <testcase classname="com.mycompany.vertxschematester.MappingOfSnssaiNGTest" name="validate" time="0"/>
  <testcase classname="com.mycompany.vertxschematester.AudienceNGTest" name="validate" time="0.002"/>
  <testcase classname="com.mycompany.vertxschematester.InterfaceUpfInfoItemNGTest" name="removeInterfaceType" time="0.001"/>
  <testcase classname="com.mycompany.vertxschematester.InterfaceUpfInfoItemNGTest" name="validate" time="0.003"/>
  <testcase classname="com.mycompany.vertxschematester.N2InterfaceAmfInfoNGTest" name="validate" time="0.001"/>
  <testcase classname="com.mycompany.vertxschematester.DefaultNotificationSubscriptionNGTest" name="clearVersions" time="0.004"/>
  <testcase classname="com.mycompany.vertxschematester.DefaultNotificationSubscriptionNGTest" name="removeRequiredFields" time="0.002"/>
  <testcase classname="com.mycompany.vertxschematester.DefaultNotificationSubscriptionNGTest" name="validate" time="0.003"/>
  <testcase classname="com.mycompany.vertxschematester.AccessTokenRspNGTest" name="removeAccessToken" time="0.001"/>
  <testcase classname="com.mycompany.vertxschematester.AccessTokenRspNGTest" name="removeTokenType" time="0"/>
  <testcase classname="com.mycompany.vertxschematester.AccessTokenRspNGTest" name="validate" time="0"/>
  <testcase classname="com.mycompany.vertxschematester.LinkNGTest" name="removeHref" time="0"/>
  <testcase classname="com.mycompany.vertxschematester.LinkNGTest" name="validate" time="0"/>
  <testcase classname="com.mycompany.vertxschematester.Ipv4AddressRangeNGTest" name="removeEnd" time="0.003"/>
  <testcase classname="com.mycompany.vertxschematester.Ipv4AddressRangeNGTest" name="removeStart" time="0"/>
  <testcase classname="com.mycompany.vertxschematester.Ipv4AddressRangeNGTest" name="validate" time="0"/>
  <testcase classname="com.mycompany.vertxschematester.DnnSmfInfoItemNGTest" name="removeDnn" time="0"/>
  <testcase classname="com.mycompany.vertxschematester.DnnSmfInfoItemNGTest" name="validate" time="0"/>
  <testcase classname="com.mycompany.vertxschematester.Ipv6PrefixRangeNGTest" name="removeEnd" time="0.001"/>
  <testcase classname="com.mycompany.vertxschematester.Ipv6PrefixRangeNGTest" name="removeStart" time="0.001"/>
  <testcase classname="com.mycompany.vertxschematester.Ipv6PrefixRangeNGTest" name="validate" time="0"/>
  <testcase classname="com.mycompany.vertxschematester.IpEndPointNGTest" name="validate" time="0.003"/>
  <testcase classname="com.mycompany.vertxschematester.BindingRespNGTest" name="validate" time="0.001"/>
  <testcase classname="com.mycompany.vertxschematester.AccessTokenErrNGTest" name="removeError" time="0"/>
  <testcase classname="com.mycompany.vertxschematester.AccessTokenErrNGTest" name="validate" time="0.001"/>
  <testcase classname="com.mycompany.vertxschematester.AfEventExposureDataNGTest" name="validate" time="0.004"/>
  <testcase classname="com.mycompany.vertxschematester.ChfInfoListNGTest" name="InvalidAdditionalProperties" time="0.002"/>
  <testcase classname="com.mycompany.vertxschematester.ChfInfoListNGTest" name="validate" time="0.005"/>
  <testcase classname="com.mycompany.vertxschematester.ChfInfoListNGTest" name="validateMinItems" time="0.001"/>
  <testcase classname="com.mycompany.vertxschematester.IdentityRangeNGTest" name="validate" time="0"/>
  <testcase classname="com.mycompany.vertxschematester.InternalGroupIdRangeNGTest" name="validate" time="0.001"/>
</testsuite>